[0.153s] DEBUG:colcon:Command line arguments: ['/usr/bin/colcon', 'graph']
[0.153s] DEBUG:colcon:Parsed command line arguments: Namespace(log_base=None, log_level=None, verb_name='graph', build_base='build', ignore_user_meta=False, metas=['./colcon.meta'], base_paths=['.'], packages_ignore=None, packages_ignore_regex=None, paths=None, packages_up_to=None, packages_up_to_regex=None, packages_above=None, packages_above_and_dependencies=None, packages_above_depth=None, packages_select_by_dep=None, packages_skip_by_dep=None, packages_skip_up_to=None, packages_select_build_failed=False, packages_skip_build_finished=False, packages_select_test_failures=False, packages_skip_test_passed=False, packages_select=None, packages_skip=None, packages_select_regex=None, packages_skip_regex=None, packages_start=None, packages_end=None, allow_overriding=[], dot=False, density=False, legend=False, dot_cluster=False, dot_include_skipped=False, verb_parser=<colcon_defaults.argument_parser.defaults.DefaultArgumentsDecorator object at 0x771b7caa2ff0>, verb_extension=<colcon_package_information.verb.graph.GraphVerb object at 0x771b7cc254c0>, main=<bound method GraphVerb.main of <colcon_package_information.verb.graph.GraphVerb object at 0x771b7cc254c0>>)
[0.221s] Level 1:colcon.colcon_core.package_discovery:discover_packages(colcon_meta) check parameters
[0.221s] Level 1:colcon.colcon_core.package_discovery:discover_packages(recursive) check parameters
[0.221s] Level 1:colcon.colcon_core.package_discovery:discover_packages(ignore) check parameters
[0.221s] Level 1:colcon.colcon_core.package_discovery:discover_packages(path) check parameters
[0.221s] Level 1:colcon.colcon_core.package_discovery:discover_packages(colcon_meta) discover
[0.222s] Level 1:colcon.colcon_core.package_discovery:discover_packages(recursive) discover
[0.222s] INFO:colcon.colcon_core.package_discovery:Crawling recursively for packages in '/ros_vnc'
[0.222s] Level 1:colcon.colcon_core.package_identification:_identify(.) by extensions ['ignore', 'ignore_ament_install']
[0.222s] Level 1:colcon.colcon_core.package_identification:_identify(.) by extension 'ignore'
[0.222s] Level 1:colcon.colcon_core.package_identification:_identify(.) by extension 'ignore_ament_install'
[0.222s] Level 1:colcon.colcon_core.package_identification:_identify(.) by extensions ['colcon_pkg']
[0.222s] Level 1:colcon.colcon_core.package_identification:_identify(.) by extension 'colcon_pkg'
[0.222s] Level 1:colcon.colcon_core.package_identification:_identify(.) by extensions ['colcon_meta']
[0.222s] Level 1:colcon.colcon_core.package_identification:_identify(.) by extension 'colcon_meta'
[0.222s] Level 1:colcon.colcon_core.package_identification:_identify(.) by extensions ['ros']
[0.222s] Level 1:colcon.colcon_core.package_identification:_identify(.) by extension 'ros'
[0.262s] Level 1:colcon.colcon_core.package_identification:_identify(.) by extensions ['cmake', 'python']
[0.262s] Level 1:colcon.colcon_core.package_identification:_identify(.) by extension 'cmake'
[0.262s] Level 1:colcon.colcon_core.package_identification:_identify(.) by extension 'python'
[0.262s] Level 1:colcon.colcon_core.package_identification:_identify(.) by extensions ['python_setup_py']
[0.262s] Level 1:colcon.colcon_core.package_identification:_identify(.) by extension 'python_setup_py'
[0.262s] Level 1:colcon.colcon_core.package_identification:_identify(dev_ws) by extensions ['ignore', 'ignore_ament_install']
[0.262s] Level 1:colcon.colcon_core.package_identification:_identify(dev_ws) by extension 'ignore'
[0.262s] Level 1:colcon.colcon_core.package_identification:_identify(dev_ws) by extension 'ignore_ament_install'
[0.263s] Level 1:colcon.colcon_core.package_identification:_identify(dev_ws) by extensions ['colcon_pkg']
[0.263s] Level 1:colcon.colcon_core.package_identification:_identify(dev_ws) by extension 'colcon_pkg'
[0.263s] Level 1:colcon.colcon_core.package_identification:_identify(dev_ws) by extensions ['colcon_meta']
[0.263s] Level 1:colcon.colcon_core.package_identification:_identify(dev_ws) by extension 'colcon_meta'
[0.263s] Level 1:colcon.colcon_core.package_identification:_identify(dev_ws) by extensions ['ros']
[0.263s] Level 1:colcon.colcon_core.package_identification:_identify(dev_ws) by extension 'ros'
[0.263s] Level 1:colcon.colcon_core.package_identification:_identify(dev_ws) by extensions ['cmake', 'python']
[0.263s] Level 1:colcon.colcon_core.package_identification:_identify(dev_ws) by extension 'cmake'
[0.263s] Level 1:colcon.colcon_core.package_identification:_identify(dev_ws) by extension 'python'
[0.263s] Level 1:colcon.colcon_core.package_identification:_identify(dev_ws) by extensions ['python_setup_py']
[0.263s] Level 1:colcon.colcon_core.package_identification:_identify(dev_ws) by extension 'python_setup_py'
[0.263s] Level 1:colcon.colcon_core.package_identification:_identify(dev_ws/build) by extensions ['ignore', 'ignore_ament_install']
[0.263s] Level 1:colcon.colcon_core.package_identification:_identify(dev_ws/build) by extension 'ignore'
[0.264s] Level 1:colcon.colcon_core.package_identification:_identify(dev_ws/build) ignored
[0.264s] Level 1:colcon.colcon_core.package_identification:_identify(dev_ws/install) by extensions ['ignore', 'ignore_ament_install']
[0.264s] Level 1:colcon.colcon_core.package_identification:_identify(dev_ws/install) by extension 'ignore'
[0.264s] Level 1:colcon.colcon_core.package_identification:_identify(dev_ws/install) ignored
[0.264s] Level 1:colcon.colcon_core.package_identification:_identify(dev_ws/log) by extensions ['ignore', 'ignore_ament_install']
[0.264s] Level 1:colcon.colcon_core.package_identification:_identify(dev_ws/log) by extension 'ignore'
[0.264s] Level 1:colcon.colcon_core.package_identification:_identify(dev_ws/log) ignored
[0.264s] Level 1:colcon.colcon_core.package_identification:_identify(dev_ws/src) by extensions ['ignore', 'ignore_ament_install']
[0.265s] Level 1:colcon.colcon_core.package_identification:_identify(dev_ws/src) by extension 'ignore'
[0.265s] Level 1:colcon.colcon_core.package_identification:_identify(dev_ws/src) by extension 'ignore_ament_install'
[0.265s] Level 1:colcon.colcon_core.package_identification:_identify(dev_ws/src) by extensions ['colcon_pkg']
[0.265s] Level 1:colcon.colcon_core.package_identification:_identify(dev_ws/src) by extension 'colcon_pkg'
[0.265s] Level 1:colcon.colcon_core.package_identification:_identify(dev_ws/src) by extensions ['colcon_meta']
[0.265s] Level 1:colcon.colcon_core.package_identification:_identify(dev_ws/src) by extension 'colcon_meta'
[0.265s] Level 1:colcon.colcon_core.package_identification:_identify(dev_ws/src) by extensions ['ros']
[0.265s] Level 1:colcon.colcon_core.package_identification:_identify(dev_ws/src) by extension 'ros'
[0.265s] Level 1:colcon.colcon_core.package_identification:_identify(dev_ws/src) by extensions ['cmake', 'python']
[0.265s] Level 1:colcon.colcon_core.package_identification:_identify(dev_ws/src) by extension 'cmake'
[0.265s] Level 1:colcon.colcon_core.package_identification:_identify(dev_ws/src) by extension 'python'
[0.265s] Level 1:colcon.colcon_core.package_identification:_identify(dev_ws/src) by extensions ['python_setup_py']
[0.265s] Level 1:colcon.colcon_core.package_identification:_identify(dev_ws/src) by extension 'python_setup_py'
[0.265s] Level 1:colcon.colcon_core.package_identification:_identify(dev_ws/src/build) by extensions ['ignore', 'ignore_ament_install']
[0.266s] Level 1:colcon.colcon_core.package_identification:_identify(dev_ws/src/build) by extension 'ignore'
[0.266s] Level 1:colcon.colcon_core.package_identification:_identify(dev_ws/src/build) ignored
[0.266s] Level 1:colcon.colcon_core.package_identification:_identify(dev_ws/src/install) by extensions ['ignore', 'ignore_ament_install']
[0.266s] Level 1:colcon.colcon_core.package_identification:_identify(dev_ws/src/install) by extension 'ignore'
[0.266s] Level 1:colcon.colcon_core.package_identification:_identify(dev_ws/src/install) ignored
[0.266s] Level 1:colcon.colcon_core.package_identification:_identify(dev_ws/src/log) by extensions ['ignore', 'ignore_ament_install']
[0.266s] Level 1:colcon.colcon_core.package_identification:_identify(dev_ws/src/log) by extension 'ignore'
[0.266s] Level 1:colcon.colcon_core.package_identification:_identify(dev_ws/src/log) ignored
[0.267s] Level 1:colcon.colcon_core.package_identification:_identify(dev_ws/src/my_package) by extensions ['ignore', 'ignore_ament_install']
[0.267s] Level 1:colcon.colcon_core.package_identification:_identify(dev_ws/src/my_package) by extension 'ignore'
[0.267s] Level 1:colcon.colcon_core.package_identification:_identify(dev_ws/src/my_package) by extension 'ignore_ament_install'
[0.267s] Level 1:colcon.colcon_core.package_identification:_identify(dev_ws/src/my_package) by extensions ['colcon_pkg']
[0.267s] Level 1:colcon.colcon_core.package_identification:_identify(dev_ws/src/my_package) by extension 'colcon_pkg'
[0.267s] Level 1:colcon.colcon_core.package_identification:_identify(dev_ws/src/my_package) by extensions ['colcon_meta']
[0.267s] Level 1:colcon.colcon_core.package_identification:_identify(dev_ws/src/my_package) by extension 'colcon_meta'
[0.267s] Level 1:colcon.colcon_core.package_identification:_identify(dev_ws/src/my_package) by extensions ['ros']
[0.267s] Level 1:colcon.colcon_core.package_identification:_identify(dev_ws/src/my_package) by extension 'ros'
[0.271s] DEBUG:colcon.colcon_core.package_identification:Package 'dev_ws/src/my_package' with type 'ros.ament_cmake' and name 'my_package'
[0.271s] Level 1:colcon.colcon_core.package_identification:_identify(log) by extensions ['ignore', 'ignore_ament_install']
[0.271s] Level 1:colcon.colcon_core.package_identification:_identify(log) by extension 'ignore'
[0.271s] Level 1:colcon.colcon_core.package_identification:_identify(log) ignored
[0.271s] Level 1:colcon.colcon_core.package_identification:_identify(mysource) by extensions ['ignore', 'ignore_ament_install']
[0.271s] Level 1:colcon.colcon_core.package_identification:_identify(mysource) by extension 'ignore'
[0.271s] Level 1:colcon.colcon_core.package_identification:_identify(mysource) by extension 'ignore_ament_install'
[0.271s] Level 1:colcon.colcon_core.package_identification:_identify(mysource) by extensions ['colcon_pkg']
[0.272s] Level 1:colcon.colcon_core.package_identification:_identify(mysource) by extension 'colcon_pkg'
[0.272s] Level 1:colcon.colcon_core.package_identification:_identify(mysource) by extensions ['colcon_meta']
[0.272s] Level 1:colcon.colcon_core.package_identification:_identify(mysource) by extension 'colcon_meta'
[0.272s] Level 1:colcon.colcon_core.package_identification:_identify(mysource) by extensions ['ros']
[0.272s] Level 1:colcon.colcon_core.package_identification:_identify(mysource) by extension 'ros'
[0.272s] Level 1:colcon.colcon_core.package_identification:_identify(mysource) by extensions ['cmake', 'python']
[0.272s] Level 1:colcon.colcon_core.package_identification:_identify(mysource) by extension 'cmake'
[0.272s] Level 1:colcon.colcon_core.package_identification:_identify(mysource) by extension 'python'
[0.272s] Level 1:colcon.colcon_core.package_identification:_identify(mysource) by extensions ['python_setup_py']
[0.272s] Level 1:colcon.colcon_core.package_identification:_identify(mysource) by extension 'python_setup_py'
[0.272s] Level 1:colcon.colcon_core.package_identification:_identify(mysource/ldlidar_ros2_ws) by extensions ['ignore', 'ignore_ament_install']
[0.273s] Level 1:colcon.colcon_core.package_identification:_identify(mysource/ldlidar_ros2_ws) by extension 'ignore'
[0.273s] Level 1:colcon.colcon_core.package_identification:_identify(mysource/ldlidar_ros2_ws) by extension 'ignore_ament_install'
[0.273s] Level 1:colcon.colcon_core.package_identification:_identify(mysource/ldlidar_ros2_ws) by extensions ['colcon_pkg']
[0.273s] Level 1:colcon.colcon_core.package_identification:_identify(mysource/ldlidar_ros2_ws) by extension 'colcon_pkg'
[0.273s] Level 1:colcon.colcon_core.package_identification:_identify(mysource/ldlidar_ros2_ws) by extensions ['colcon_meta']
[0.273s] Level 1:colcon.colcon_core.package_identification:_identify(mysource/ldlidar_ros2_ws) by extension 'colcon_meta'
[0.273s] Level 1:colcon.colcon_core.package_identification:_identify(mysource/ldlidar_ros2_ws) by extensions ['ros']
[0.273s] Level 1:colcon.colcon_core.package_identification:_identify(mysource/ldlidar_ros2_ws) by extension 'ros'
[0.274s] Level 1:colcon.colcon_core.package_identification:_identify(mysource/ldlidar_ros2_ws) by extensions ['cmake', 'python']
[0.274s] Level 1:colcon.colcon_core.package_identification:_identify(mysource/ldlidar_ros2_ws) by extension 'cmake'
[0.274s] Level 1:colcon.colcon_core.package_identification:_identify(mysource/ldlidar_ros2_ws) by extension 'python'
[0.274s] Level 1:colcon.colcon_core.package_identification:_identify(mysource/ldlidar_ros2_ws) by extensions ['python_setup_py']
[0.274s] Level 1:colcon.colcon_core.package_identification:_identify(mysource/ldlidar_ros2_ws) by extension 'python_setup_py'
[0.274s] Level 1:colcon.colcon_core.package_identification:_identify(mysource/ldlidar_ros2_ws/build) by extensions ['ignore', 'ignore_ament_install']
[0.274s] Level 1:colcon.colcon_core.package_identification:_identify(mysource/ldlidar_ros2_ws/build) by extension 'ignore'
[0.274s] Level 1:colcon.colcon_core.package_identification:_identify(mysource/ldlidar_ros2_ws/build) ignored
[0.275s] Level 1:colcon.colcon_core.package_identification:_identify(mysource/ldlidar_ros2_ws/install) by extensions ['ignore', 'ignore_ament_install']
[0.275s] Level 1:colcon.colcon_core.package_identification:_identify(mysource/ldlidar_ros2_ws/install) by extension 'ignore'
[0.275s] Level 1:colcon.colcon_core.package_identification:_identify(mysource/ldlidar_ros2_ws/install) ignored
[0.275s] Level 1:colcon.colcon_core.package_identification:_identify(mysource/ldlidar_ros2_ws/log) by extensions ['ignore', 'ignore_ament_install']
[0.275s] Level 1:colcon.colcon_core.package_identification:_identify(mysource/ldlidar_ros2_ws/log) by extension 'ignore'
[0.275s] Level 1:colcon.colcon_core.package_identification:_identify(mysource/ldlidar_ros2_ws/log) ignored
[0.276s] Level 1:colcon.colcon_core.package_identification:_identify(mysource/ldlidar_ros2_ws/src) by extensions ['ignore', 'ignore_ament_install']
[0.276s] Level 1:colcon.colcon_core.package_identification:_identify(mysource/ldlidar_ros2_ws/src) by extension 'ignore'
[0.276s] Level 1:colcon.colcon_core.package_identification:_identify(mysource/ldlidar_ros2_ws/src) by extension 'ignore_ament_install'
[0.276s] Level 1:colcon.colcon_core.package_identification:_identify(mysource/ldlidar_ros2_ws/src) by extensions ['colcon_pkg']
[0.276s] Level 1:colcon.colcon_core.package_identification:_identify(mysource/ldlidar_ros2_ws/src) by extension 'colcon_pkg'
[0.276s] Level 1:colcon.colcon_core.package_identification:_identify(mysource/ldlidar_ros2_ws/src) by extensions ['colcon_meta']
[0.276s] Level 1:colcon.colcon_core.package_identification:_identify(mysource/ldlidar_ros2_ws/src) by extension 'colcon_meta'
[0.276s] Level 1:colcon.colcon_core.package_identification:_identify(mysource/ldlidar_ros2_ws/src) by extensions ['ros']
[0.277s] Level 1:colcon.colcon_core.package_identification:_identify(mysource/ldlidar_ros2_ws/src) by extension 'ros'
[0.277s] Level 1:colcon.colcon_core.package_identification:_identify(mysource/ldlidar_ros2_ws/src) by extensions ['cmake', 'python']
[0.277s] Level 1:colcon.colcon_core.package_identification:_identify(mysource/ldlidar_ros2_ws/src) by extension 'cmake'
[0.277s] Level 1:colcon.colcon_core.package_identification:_identify(mysource/ldlidar_ros2_ws/src) by extension 'python'
[0.277s] Level 1:colcon.colcon_core.package_identification:_identify(mysource/ldlidar_ros2_ws/src) by extensions ['python_setup_py']
[0.277s] Level 1:colcon.colcon_core.package_identification:_identify(mysource/ldlidar_ros2_ws/src) by extension 'python_setup_py'
[0.277s] Level 1:colcon.colcon_core.package_identification:_identify(mysource/ldlidar_ros2_ws/src/ldlidar_stl_ros2) by extensions ['ignore', 'ignore_ament_install']
[0.278s] Level 1:colcon.colcon_core.package_identification:_identify(mysource/ldlidar_ros2_ws/src/ldlidar_stl_ros2) by extension 'ignore'
[0.278s] Level 1:colcon.colcon_core.package_identification:_identify(mysource/ldlidar_ros2_ws/src/ldlidar_stl_ros2) by extension 'ignore_ament_install'
[0.278s] Level 1:colcon.colcon_core.package_identification:_identify(mysource/ldlidar_ros2_ws/src/ldlidar_stl_ros2) by extensions ['colcon_pkg']
[0.278s] Level 1:colcon.colcon_core.package_identification:_identify(mysource/ldlidar_ros2_ws/src/ldlidar_stl_ros2) by extension 'colcon_pkg'
[0.278s] Level 1:colcon.colcon_core.package_identification:_identify(mysource/ldlidar_ros2_ws/src/ldlidar_stl_ros2) by extensions ['colcon_meta']
[0.278s] Level 1:colcon.colcon_core.package_identification:_identify(mysource/ldlidar_ros2_ws/src/ldlidar_stl_ros2) by extension 'colcon_meta'
[0.278s] Level 1:colcon.colcon_core.package_identification:_identify(mysource/ldlidar_ros2_ws/src/ldlidar_stl_ros2) by extensions ['ros']
[0.278s] Level 1:colcon.colcon_core.package_identification:_identify(mysource/ldlidar_ros2_ws/src/ldlidar_stl_ros2) by extension 'ros'
[0.280s] DEBUG:colcon.colcon_core.package_identification:Package 'mysource/ldlidar_ros2_ws/src/ldlidar_stl_ros2' with type 'ros.ament_cmake' and name 'ldlidar_stl_ros2'
[0.280s] Level 1:colcon.colcon_core.package_identification:_identify(mysource/log) by extensions ['ignore', 'ignore_ament_install']
[0.280s] Level 1:colcon.colcon_core.package_identification:_identify(mysource/log) by extension 'ignore'
[0.280s] Level 1:colcon.colcon_core.package_identification:_identify(mysource/log) ignored
[0.280s] Level 1:colcon.colcon_core.package_discovery:discover_packages(recursive) using defaults
[0.281s] Level 1:colcon.colcon_core.package_discovery:discover_packages(ignore) discover
[0.281s] Level 1:colcon.colcon_core.package_discovery:discover_packages(ignore) using defaults
[0.281s] Level 1:colcon.colcon_core.package_discovery:discover_packages(path) discover
[0.281s] Level 1:colcon.colcon_core.package_discovery:discover_packages(path) using defaults
