[0.026s] Invoking command in '/mysource/ldlidar_ros2_ws/build/ldlidar_stl_ros2': CMAKE_PREFIX_PATH=${CMAKE_PREFIX_PATH}:/opt/ros/jazzy /usr/bin/cmake /mysource/ldlidar_ros2_ws/src/ldlidar_stl_ros2 -DCMAKE_INSTALL_PREFIX=/mysource/ldlidar_ros2_ws/install/ldlidar_stl_ros2
[0.469s] -- The C compiler identification is GNU 13.2.0
[0.822s] -- The CXX compiler identification is GNU 13.2.0
[0.857s] -- Detecting C compiler ABI info
[1.054s] -- Detecting C compiler ABI info - done
[1.069s] -- Check for working C compiler: /usr/bin/cc - skipped
[1.070s] -- Detecting C compile features
[1.071s] -- Detecting C compile features - done
[1.088s] -- Detecting CXX compiler ABI info
[1.280s] -- Detecting CXX compiler ABI info - done
[1.297s] -- Check for working CXX compiler: /usr/bin/c++ - skipped
[1.297s] -- Detecting CXX compile features
[1.298s] -- Detecting CXX compile features - done
[1.328s] -- Found ament_cmake: 2.5.2 (/opt/ros/jazzy/share/ament_cmake/cmake)
[1.626s] -- Found Python3: /usr/bin/python3 (found version "3.12.3") found components: Interpreter 
[1.910s] -- Found rclcpp: 28.1.5 (/opt/ros/jazzy/share/rclcpp/cmake)
[2.063s] -- Found rosidl_generator_c: 4.6.4 (/opt/ros/jazzy/share/rosidl_generator_c/cmake)
[2.107s] -- Found rosidl_generator_cpp: 4.6.4 (/opt/ros/jazzy/share/rosidl_generator_cpp/cmake)
[2.175s] -- Using all available rosidl_typesupport_c: rosidl_typesupport_fastrtps_c;rosidl_typesupport_introspection_c
[2.235s] -- Using all available rosidl_typesupport_cpp: rosidl_typesupport_fastrtps_cpp;rosidl_typesupport_introspection_cpp
[2.465s] -- Found rmw_implementation_cmake: 7.3.1 (/opt/ros/jazzy/share/rmw_implementation_cmake/cmake)
[2.480s] -- Found rmw_fastrtps_cpp: 8.4.1 (/opt/ros/jazzy/share/rmw_fastrtps_cpp/cmake)
[2.712s] -- Found OpenSSL: /usr/lib/x86_64-linux-gnu/libcrypto.so (found version "3.0.13")  
[2.758s] -- Found FastRTPS: /opt/ros/jazzy/include (Required is at least version "2.13") 
[2.800s] -- Using RMW implementation 'rmw_fastrtps_cpp' as default
[3.003s] -- Found sensor_msgs: 5.3.5 (/opt/ros/jazzy/share/sensor_msgs/cmake)
[3.163s] -- Found ament_lint_auto: 0.17.1 (/opt/ros/jazzy/share/ament_lint_auto/cmake)
[3.414s] -- Added test 'copyright' to check source files copyright and LICENSE
[3.427s] -- Added test 'cppcheck' to perform static code analysis on C / C++ code
[3.429s] -- Configured cppcheck include dirs: /mysource/ldlidar_ros2_ws/src/ldlidar_stl_ros2/include;/mysource/ldlidar_ros2_ws/src/ldlidar_stl_ros2/ldlidar_driver/include/core;/mysource/ldlidar_ros2_ws/src/ldlidar_stl_ros2/ldlidar_driver/include/dataprocess;/mysource/ldlidar_ros2_ws/src/ldlidar_stl_ros2/ldlidar_driver/include/filter;/mysource/ldlidar_ros2_ws/src/ldlidar_stl_ros2/ldlidar_driver/include/logger;/mysource/ldlidar_ros2_ws/src/ldlidar_stl_ros2/ldlidar_driver/include/networkcom;/mysource/ldlidar_ros2_ws/src/ldlidar_stl_ros2/ldlidar_driver/include/serialcom
[3.429s] -- Configured cppcheck exclude dirs and/or files: 
[3.440s] -- Added test 'cpplint' to check C / C++ code against the Google style
[3.440s] -- Configured cpplint exclude dirs and/or files: 
[3.443s] -- Added test 'flake8' to check Python code syntax and style conventions
[3.444s] -- Configured 'flake8' exclude dirs and/or files: 
[3.448s] -- Added test 'lint_cmake' to check CMake code style
[3.451s] -- Added test 'pep257' to check Python code against some of the docstring style conventions in PEP 257
[3.463s] -- Added test 'uncrustify' to check C / C++ code style
[3.463s] -- Configured uncrustify additional arguments: 
[3.466s] -- Added test 'xmllint' to check XML markup files
[3.471s] -- Configuring done (3.4s)
[3.498s] -- Generating done (0.0s)
[3.502s] -- Build files have been written to: /mysource/ldlidar_ros2_ws/build/ldlidar_stl_ros2
[3.523s] Invoked command in '/mysource/ldlidar_ros2_ws/build/ldlidar_stl_ros2' returned '0': CMAKE_PREFIX_PATH=${CMAKE_PREFIX_PATH}:/opt/ros/jazzy /usr/bin/cmake /mysource/ldlidar_ros2_ws/src/ldlidar_stl_ros2 -DCMAKE_INSTALL_PREFIX=/mysource/ldlidar_ros2_ws/install/ldlidar_stl_ros2
[3.525s] Invoking command in '/mysource/ldlidar_ros2_ws/build/ldlidar_stl_ros2': CMAKE_PREFIX_PATH=${CMAKE_PREFIX_PATH}:/opt/ros/jazzy /usr/bin/cmake --build /mysource/ldlidar_ros2_ws/build/ldlidar_stl_ros2 -- -j4 -l4
[3.641s] [ 12%] [32mBuilding CXX object CMakeFiles/ldlidar_stl_ros2_node.dir/src/demo.cpp.o[0m
[3.642s] [ 25%] [32mBuilding CXX object CMakeFiles/ldlidar_stl_ros2_node.dir/ldlidar_driver/src/filter/tofbf.cpp.o[0m
[3.643s] [ 37%] [32mBuilding CXX object CMakeFiles/ldlidar_stl_ros2_node.dir/ldlidar_driver/src/dataprocess/lipkg.cpp.o[0m
[3.644s] [ 50%] [32mBuilding CXX object CMakeFiles/ldlidar_stl_ros2_node.dir/ldlidar_driver/src/core/ldlidar_driver.cpp.o[0m
[6.016s] [ 62%] [32mBuilding CXX object CMakeFiles/ldlidar_stl_ros2_node.dir/ldlidar_driver/src/logger/log_module.cpp.o[0m
[6.268s] [ 75%] [32mBuilding CXX object CMakeFiles/ldlidar_stl_ros2_node.dir/ldlidar_driver/src/networkcom/network_socket_interface_linux.cpp.o[0m
[6.719s] [ 87%] [32mBuilding CXX object CMakeFiles/ldlidar_stl_ros2_node.dir/ldlidar_driver/src/serialcom/serial_interface_linux.cpp.o[0m
[14.002s] [100%] [32m[1mLinking CXX executable ldlidar_stl_ros2_node[0m
[14.458s] [100%] Built target ldlidar_stl_ros2_node
[14.480s] Invoked command in '/mysource/ldlidar_ros2_ws/build/ldlidar_stl_ros2' returned '0': CMAKE_PREFIX_PATH=${CMAKE_PREFIX_PATH}:/opt/ros/jazzy /usr/bin/cmake --build /mysource/ldlidar_ros2_ws/build/ldlidar_stl_ros2 -- -j4 -l4
[14.577s] Invoking command in '/mysource/ldlidar_ros2_ws/build/ldlidar_stl_ros2': CMAKE_PREFIX_PATH=${CMAKE_PREFIX_PATH}:/opt/ros/jazzy /usr/bin/cmake --install /mysource/ldlidar_ros2_ws/build/ldlidar_stl_ros2
[14.594s] -- Install configuration: ""
[14.596s] -- Installing: /mysource/ldlidar_ros2_ws/install/ldlidar_stl_ros2/lib/ldlidar_stl_ros2/ldlidar_stl_ros2_node
[14.599s] -- Set non-toolchain portion of runtime path of "/mysource/ldlidar_ros2_ws/install/ldlidar_stl_ros2/lib/ldlidar_stl_ros2/ldlidar_stl_ros2_node" to ""
[14.600s] -- Installing: /mysource/ldlidar_ros2_ws/install/ldlidar_stl_ros2/share/ldlidar_stl_ros2//launch
[14.600s] -- Installing: /mysource/ldlidar_ros2_ws/install/ldlidar_stl_ros2/share/ldlidar_stl_ros2//launch/stl27l.launch.py
[14.601s] -- Installing: /mysource/ldlidar_ros2_ws/install/ldlidar_stl_ros2/share/ldlidar_stl_ros2//launch/ld06.launch.py
[14.601s] -- Installing: /mysource/ldlidar_ros2_ws/install/ldlidar_stl_ros2/share/ldlidar_stl_ros2//launch/viewer_ld06.launch.py
[14.602s] -- Installing: /mysource/ldlidar_ros2_ws/install/ldlidar_stl_ros2/share/ldlidar_stl_ros2//launch/ld19.launch.py
[14.602s] -- Installing: /mysource/ldlidar_ros2_ws/install/ldlidar_stl_ros2/share/ldlidar_stl_ros2//launch/viewer_stl27l.launch.py
[14.602s] -- Installing: /mysource/ldlidar_ros2_ws/install/ldlidar_stl_ros2/share/ldlidar_stl_ros2//launch/viewer_ld19.launch.py
[14.603s] -- Installing: /mysource/ldlidar_ros2_ws/install/ldlidar_stl_ros2/share/ldlidar_stl_ros2//rviz2
[14.603s] -- Installing: /mysource/ldlidar_ros2_ws/install/ldlidar_stl_ros2/share/ldlidar_stl_ros2//rviz2/ldlidar.rviz
[14.603s] -- Installing: /mysource/ldlidar_ros2_ws/install/ldlidar_stl_ros2/share/ament_index/resource_index/package_run_dependencies/ldlidar_stl_ros2
[14.603s] -- Installing: /mysource/ldlidar_ros2_ws/install/ldlidar_stl_ros2/share/ament_index/resource_index/parent_prefix_path/ldlidar_stl_ros2
[14.604s] -- Installing: /mysource/ldlidar_ros2_ws/install/ldlidar_stl_ros2/share/ldlidar_stl_ros2/environment/ament_prefix_path.sh
[14.604s] -- Installing: /mysource/ldlidar_ros2_ws/install/ldlidar_stl_ros2/share/ldlidar_stl_ros2/environment/ament_prefix_path.dsv
[14.604s] -- Installing: /mysource/ldlidar_ros2_ws/install/ldlidar_stl_ros2/share/ldlidar_stl_ros2/environment/path.sh
[14.605s] -- Installing: /mysource/ldlidar_ros2_ws/install/ldlidar_stl_ros2/share/ldlidar_stl_ros2/environment/path.dsv
[14.605s] -- Installing: /mysource/ldlidar_ros2_ws/install/ldlidar_stl_ros2/share/ldlidar_stl_ros2/local_setup.bash
[14.606s] -- Installing: /mysource/ldlidar_ros2_ws/install/ldlidar_stl_ros2/share/ldlidar_stl_ros2/local_setup.sh
[14.606s] -- Installing: /mysource/ldlidar_ros2_ws/install/ldlidar_stl_ros2/share/ldlidar_stl_ros2/local_setup.zsh
[14.607s] -- Installing: /mysource/ldlidar_ros2_ws/install/ldlidar_stl_ros2/share/ldlidar_stl_ros2/local_setup.dsv
[14.607s] -- Installing: /mysource/ldlidar_ros2_ws/install/ldlidar_stl_ros2/share/ldlidar_stl_ros2/package.dsv
[14.607s] -- Installing: /mysource/ldlidar_ros2_ws/install/ldlidar_stl_ros2/share/ament_index/resource_index/packages/ldlidar_stl_ros2
[14.608s] -- Installing: /mysource/ldlidar_ros2_ws/install/ldlidar_stl_ros2/share/ldlidar_stl_ros2/cmake/ldlidar_stl_ros2Config.cmake
[14.608s] -- Installing: /mysource/ldlidar_ros2_ws/install/ldlidar_stl_ros2/share/ldlidar_stl_ros2/cmake/ldlidar_stl_ros2Config-version.cmake
[14.608s] -- Installing: /mysource/ldlidar_ros2_ws/install/ldlidar_stl_ros2/share/ldlidar_stl_ros2/package.xml
[14.613s] Invoked command in '/mysource/ldlidar_ros2_ws/build/ldlidar_stl_ros2' returned '0': CMAKE_PREFIX_PATH=${CMAKE_PREFIX_PATH}:/opt/ros/jazzy /usr/bin/cmake --install /mysource/ldlidar_ros2_ws/build/ldlidar_stl_ros2
